<?xml version="1.0" encoding="UTF-8"?>
<robot generator="Robot 3.2.1 (Python 3.8.3 on win32)" generated="20200630 20:39:03.123" rpa="false">
<suite id="s1" name="Login" source="C:\Projetos QA\SuiteSiteTestePractice\automationpractice\tests\login.robot">
<test id="s1-t1" name="Login com sucesso">
<kw name="Nova sessão" library="base" type="setup">
<kw name="Open Browser" library="SeleniumLibrary">
<doc>Opens a new browser instance to the optional ``url``.</doc>
<arguments>
<arg>${url}</arg>
<arg>chrome</arg>
</arguments>
<msg timestamp="20200630 20:39:03.818" level="INFO">Opening browser 'chrome' to base url 'http://automationpractice.com/index.php'.</msg>
<status status="PASS" starttime="20200630 20:39:03.818" endtime="20200630 20:39:25.091"></status>
</kw>
<status status="PASS" starttime="20200630 20:39:03.818" endtime="20200630 20:39:25.091"></status>
</kw>
<kw name="Go To" library="SeleniumLibrary">
<doc>Navigates the current browser window to the provided ``url``.</doc>
<arguments>
<arg>${url}/index.php?controller=authentication</arg>
</arguments>
<msg timestamp="20200630 20:39:25.097" level="INFO">Opening url 'http://automationpractice.com/index.php/index.php?controller=authentication'</msg>
<status status="PASS" starttime="20200630 20:39:25.096" endtime="20200630 20:39:27.327"></status>
</kw>
<kw name="Input Text" library="SeleniumLibrary">
<doc>Types the given ``text`` into the text field identified by ``locator``.</doc>
<arguments>
<arg>css:input[id=email]</arg>
<arg>marcos.tads@hotmail.com</arg>
</arguments>
<msg timestamp="20200630 20:39:27.336" level="INFO">Typing text 'marcos.tads@hotmail.com' into text field 'css:input[id=email]'.</msg>
<status status="PASS" starttime="20200630 20:39:27.335" endtime="20200630 20:39:28.788"></status>
</kw>
<kw name="Input Text" library="SeleniumLibrary">
<doc>Types the given ``text`` into the text field identified by ``locator``.</doc>
<arguments>
<arg>css:input[name=passwd]</arg>
<arg>sistema</arg>
</arguments>
<msg timestamp="20200630 20:39:28.788" level="INFO">Typing text 'sistema' into text field 'css:input[name=passwd]'.</msg>
<status status="PASS" starttime="20200630 20:39:28.788" endtime="20200630 20:39:29.367"></status>
</kw>
<kw name="Click Element" library="SeleniumLibrary">
<doc>Click the element identified by ``locator``.</doc>
<arguments>
<arg>css:button[name=SubmitLogin]</arg>
</arguments>
<msg timestamp="20200630 20:39:29.377" level="INFO">Clicking element 'css:button[name=SubmitLogin]'.</msg>
<status status="PASS" starttime="20200630 20:39:29.376" endtime="20200630 20:39:32.182"></status>
</kw>
<kw name="Page Should Contain" library="SeleniumLibrary">
<doc>Verifies that current page contains ``text``.</doc>
<arguments>
<arg>Welcome to your account. Here you can manage all of your personal information and orders.</arg>
</arguments>
<msg timestamp="20200630 20:39:32.583" level="INFO">Current page contains text 'Welcome to your account. Here you can manage all of your personal information and orders.'.</msg>
<status status="PASS" starttime="20200630 20:39:32.273" endtime="20200630 20:39:32.583"></status>
</kw>
<kw name="Encerra sessão" library="base" type="teardown">
<kw name="Capture Page Screenshot" library="SeleniumLibrary">
<doc>Takes a screenshot of the current page and embeds it into a log file.</doc>
<msg timestamp="20200630 20:39:33.213" level="INFO" html="yes">&lt;/td&gt;&lt;/tr&gt;&lt;tr&gt;&lt;td colspan="3"&gt;&lt;a href="selenium-screenshot-2.png"&gt;&lt;img src="selenium-screenshot-2.png" width="800px"&gt;&lt;/a&gt;</msg>
<status status="PASS" starttime="20200630 20:39:32.590" endtime="20200630 20:39:33.213"></status>
</kw>
<kw name="Close Browser" library="SeleniumLibrary">
<doc>Closes the current browser.</doc>
<status status="PASS" starttime="20200630 20:39:33.214" endtime="20200630 20:39:35.730"></status>
</kw>
<status status="PASS" starttime="20200630 20:39:32.588" endtime="20200630 20:39:35.731"></status>
</kw>
<status status="PASS" starttime="20200630 20:39:03.815" endtime="20200630 20:39:35.731" critical="yes"></status>
</test>
<status status="PASS" starttime="20200630 20:39:03.131" endtime="20200630 20:39:35.768"></status>
</suite>
<statistics>
<total>
<stat pass="1" fail="0">Critical Tests</stat>
<stat pass="1" fail="0">All Tests</stat>
</total>
<tag>
</tag>
<suite>
<stat pass="1" fail="0" id="s1" name="Login">Login</stat>
</suite>
</statistics>
<errors>
</errors>
</robot>
